

Data Sample Input:
[[ 1.53711872 -0.67997939]
 [ 1.20603358 -0.99326013]
 [ 1.39554766 -0.60839122]
 [ 1.4110632  -1.00348829]]
Data Sample Output:
[[1.77989689 1.43470553]
 [1.24317762 1.20598816]
 [1.4686542  1.24219022]
 [1.5821027  1.41105103]]

iteration: 0
/Users/donggyulee/anaconda3/envs/myenv/lib/python3.12/site-packages/scipy/optimize/_slsqp_py.py:434: RuntimeWarning: Values in x were outside bounds during a minimize step, clipping to bounds
  fx = wrapped_fun(x)


Data Sample Input:
[[ 7.48203348 80.59698686]
 [ 6.71507975 79.92687924]
 [ 6.91638938 79.9933921 ]
 [ 7.25367117 79.47071407]
 [ 6.63332051 80.12849759]]
Data Sample Output:
[[1.58724311e+02 4.19614033e-02 5.03165246e-02]
 [8.74647119e+01 3.33514801e-02 4.41547740e-02]
 [9.49991326e+01 3.13195754e-02 4.45377666e-02]
 [1.42575518e+02 3.55962638e-02 4.97537245e-02]
 [7.42405613e+01 3.18191809e-02 4.23110555e-02]]

/Users/donggyulee/anaconda3/envs/myenv/lib/python3.12/site-packages/scipy/optimize/_slsqp_py.py:434: RuntimeWarning: Values in x were outside bounds during a minimize step, clipping to bounds
  fx = wrapped_fun(x)
/Users/donggyulee/anaconda3/envs/myenv/lib/python3.12/site-packages/scipy/optimize/_slsqp_py.py:434: RuntimeWarning: Values in x were outside bounds during a minimize step, clipping to bounds
  fx = wrapped_fun(x)
/Users/donggyulee/anaconda3/envs/myenv/lib/python3.12/site-packages/scipy/optimize/_slsqp_py.py:434: RuntimeWarning: Values in x were outside bounds during a minimize step, clipping to bounds
  fx = wrapped_fun(x)
/Users/donggyulee/anaconda3/envs/myenv/lib/python3.12/site-packages/scipy/optimize/_slsqp_py.py:434: RuntimeWarning: Values in x were outside bounds during a minimize step, clipping to bounds
  fx = wrapped_fun(x)
/Users/donggyulee/anaconda3/envs/myenv/lib/python3.12/site-packages/scipy/optimize/_slsqp_py.py:434: RuntimeWarning: Values in x were outside bounds during a minimize step, clipping to bounds
  fx = wrapped_fun(x)
/Users/donggyulee/anaconda3/envs/myenv/lib/python3.12/site-packages/scipy/optimize/_slsqp_py.py:434: RuntimeWarning: Values in x were outside bounds during a minimize step, clipping to bounds
  fx = wrapped_fun(x)
/Users/donggyulee/anaconda3/envs/myenv/lib/python3.12/site-packages/scipy/optimize/_slsqp_py.py:434: RuntimeWarning: Values in x were outside bounds during a minimize step, clipping to bounds
  fx = wrapped_fun(x)
/Users/donggyulee/anaconda3/envs/myenv/lib/python3.12/site-packages/scipy/optimize/_slsqp_py.py:434: RuntimeWarning: Values in x were outside bounds during a minimize step, clipping to bounds
  fx = wrapped_fun(x)
/Users/donggyulee/anaconda3/envs/myenv/lib/python3.12/site-packages/scipy/optimize/_slsqp_py.py:434: RuntimeWarning: Values in x were outside bounds during a minimize step, clipping to bounds
  fx = wrapped_fun(x)
/Users/donggyulee/anaconda3/envs/myenv/lib/python3.12/site-packages/scipy/optimize/_slsqp_py.py:434: RuntimeWarning: Values in x were outside bounds during a minimize step, clipping to bounds
  fx = wrapped_fun(x)
/Users/donggyulee/anaconda3/envs/myenv/lib/python3.12/site-packages/scipy/optimize/_slsqp_py.py:434: RuntimeWarning: Values in x were outside bounds during a minimize step, clipping to bounds
  fx = wrapped_fun(x)
/Users/donggyulee/anaconda3/envs/myenv/lib/python3.12/site-packages/scipy/optimize/_slsqp_py.py:434: RuntimeWarning: Values in x were outside bounds during a minimize step, clipping to bounds
  fx = wrapped_fun(x)
/Users/donggyulee/anaconda3/envs/myenv/lib/python3.12/site-packages/scipy/optimize/_slsqp_py.py:434: RuntimeWarning: Values in x were outside bounds during a minimize step, clipping to bounds
  fx = wrapped_fun(x)
/Users/donggyulee/anaconda3/envs/myenv/lib/python3.12/site-packages/scipy/optimize/_slsqp_py.py:434: RuntimeWarning: Values in x were outside bounds during a minimize step, clipping to bounds
  fx = wrapped_fun(x)
/Users/donggyulee/anaconda3/envs/myenv/lib/python3.12/site-packages/scipy/optimize/_slsqp_py.py:434: RuntimeWarning: Values in x were outside bounds during a minimize step, clipping to bounds
  fx = wrapped_fun(x)
/Users/donggyulee/anaconda3/envs/myenv/lib/python3.12/site-packages/scipy/optimize/_slsqp_py.py:434: RuntimeWarning: Values in x were outside bounds during a minimize step, clipping to bounds
  fx = wrapped_fun(x)
/Users/donggyulee/anaconda3/envs/myenv/lib/python3.12/site-packages/scipy/optimize/_slsqp_py.py:434: RuntimeWarning: Values in x were outside bounds during a minimize step, clipping to bounds
  fx = wrapped_fun(x)
/Users/donggyulee/anaconda3/envs/myenv/lib/python3.12/site-packages/scipy/optimize/_slsqp_py.py:434: RuntimeWarning: Values in x were outside bounds during a minimize step, clipping to bounds
  fx = wrapped_fun(x)
/Users/donggyulee/anaconda3/envs/myenv/lib/python3.12/site-packages/scipy/optimize/_slsqp_py.py:434: RuntimeWarning: Values in x were outside bounds during a minimize step, clipping to bounds
  fx = wrapped_fun(x)
/Users/donggyulee/anaconda3/envs/myenv/lib/python3.12/site-packages/scipy/optimize/_slsqp_py.py:434: RuntimeWarning: Values in x were outside bounds during a minimize step, clipping to bounds
  fx = wrapped_fun(x)
